[2026-03-01T02:30:00Z] mode=DRY_RUN root=/mnt/c/Users/yuuji/Dropbox/Kaissa Consumer/Mosaic
folders_renamed=25
thesis_renamed=0
conflicts=0
rename_folder: /mnt/c/Users/yuuji/Dropbox/Kaissa Consumer/Mosaic/buckets/.AIOUT -> /mnt/c/Users/yuuji/Dropbox/Kaissa Consumer/Mosaic/buckets/AIOUT
rename_folder: /mnt/c/Users/yuuji/Dropbox/Kaissa Consumer/Mosaic/buckets/.AIS -> /mnt/c/Users/yuuji/Dropbox/Kaissa Consumer/Mosaic/buckets/AIS
rename_folder: /mnt/c/Users/yuuji/Dropbox/Kaissa Consumer/Mosaic/buckets/.BANKS -> /mnt/c/Users/yuuji/Dropbox/Kaissa Consumer/Mosaic/buckets/BANKS
rename_folder: /mnt/c/Users/yuuji/Dropbox/Kaissa Consumer/Mosaic/buckets/.BUILD -> /mnt/c/Users/yuuji/Dropbox/Kaissa Consumer/Mosaic/buckets/BUILD
rename_folder: /mnt/c/Users/yuuji/Dropbox/Kaissa Consumer/Mosaic/buckets/.CANCER -> /mnt/c/Users/yuuji/Dropbox/Kaissa Consumer/Mosaic/buckets/CANCER
rename_folder: /mnt/c/Users/yuuji/Dropbox/Kaissa Consumer/Mosaic/buckets/.CASINO -> /mnt/c/Users/yuuji/Dropbox/Kaissa Consumer/Mosaic/buckets/CASINO
rename_folder: /mnt/c/Users/yuuji/Dropbox/Kaissa Consumer/Mosaic/buckets/.CHINAS -> /mnt/c/Users/yuuji/Dropbox/Kaissa Consumer/Mosaic/buckets/CHINAS
rename_folder: /mnt/c/Users/yuuji/Dropbox/Kaissa Consumer/Mosaic/buckets/.CRYPTO -> /mnt/c/Users/yuuji/Dropbox/Kaissa Consumer/Mosaic/buckets/CRYPTO
rename_folder: /mnt/c/Users/yuuji/Dropbox/Kaissa Consumer/Mosaic/buckets/.DCSHORTS -> /mnt/c/Users/yuuji/Dropbox/Kaissa Consumer/Mosaic/buckets/DCSHORTS
rename_folder: /mnt/c/Users/yuuji/Dropbox/Kaissa Consumer/Mosaic/buckets/.DTECH -> /mnt/c/Users/yuuji/Dropbox/Kaissa Consumer/Mosaic/buckets/DTECH
rename_folder: /mnt/c/Users/yuuji/Dropbox/Kaissa Consumer/Mosaic/buckets/.ECOMM -> /mnt/c/Users/yuuji/Dropbox/Kaissa Consumer/Mosaic/buckets/ECOMM
rename_folder: /mnt/c/Users/yuuji/Dropbox/Kaissa Consumer/Mosaic/buckets/.HCSUP -> /mnt/c/Users/yuuji/Dropbox/Kaissa Consumer/Mosaic/buckets/HCSUP
rename_folder: /mnt/c/Users/yuuji/Dropbox/Kaissa Consumer/Mosaic/buckets/.HOTEL -> /mnt/c/Users/yuuji/Dropbox/Kaissa Consumer/Mosaic/buckets/HOTEL
rename_folder: /mnt/c/Users/yuuji/Dropbox/Kaissa Consumer/Mosaic/buckets/.INDOPS -> /mnt/c/Users/yuuji/Dropbox/Kaissa Consumer/Mosaic/buckets/INDOPS
rename_folder: /mnt/c/Users/yuuji/Dropbox/Kaissa Consumer/Mosaic/buckets/.INF -> /mnt/c/Users/yuuji/Dropbox/Kaissa Consumer/Mosaic/buckets/INF
rename_folder: /mnt/c/Users/yuuji/Dropbox/Kaissa Consumer/Mosaic/buckets/.LAW -> /mnt/c/Users/yuuji/Dropbox/Kaissa Consumer/Mosaic/buckets/LAW
rename_folder: /mnt/c/Users/yuuji/Dropbox/Kaissa Consumer/Mosaic/buckets/.MAHA -> /mnt/c/Users/yuuji/Dropbox/Kaissa Consumer/Mosaic/buckets/MAHA
rename_folder: /mnt/c/Users/yuuji/Dropbox/Kaissa Consumer/Mosaic/buckets/.MDAS -> /mnt/c/Users/yuuji/Dropbox/Kaissa Consumer/Mosaic/buckets/MDAS
rename_folder: /mnt/c/Users/yuuji/Dropbox/Kaissa Consumer/Mosaic/buckets/.MTECH -> /mnt/c/Users/yuuji/Dropbox/Kaissa Consumer/Mosaic/buckets/MTECH
rename_folder: /mnt/c/Users/yuuji/Dropbox/Kaissa Consumer/Mosaic/buckets/.POWR -> /mnt/c/Users/yuuji/Dropbox/Kaissa Consumer/Mosaic/buckets/POWR
rename_folder: /mnt/c/Users/yuuji/Dropbox/Kaissa Consumer/Mosaic/buckets/.PRIVATE -> /mnt/c/Users/yuuji/Dropbox/Kaissa Consumer/Mosaic/buckets/PRIVATE
rename_folder: /mnt/c/Users/yuuji/Dropbox/Kaissa Consumer/Mosaic/buckets/.REST -> /mnt/c/Users/yuuji/Dropbox/Kaissa Consumer/Mosaic/buckets/REST
rename_folder: /mnt/c/Users/yuuji/Dropbox/Kaissa Consumer/Mosaic/buckets/.STABLECO -> /mnt/c/Users/yuuji/Dropbox/Kaissa Consumer/Mosaic/buckets/STABLECO
rename_folder: /mnt/c/Users/yuuji/Dropbox/Kaissa Consumer/Mosaic/buckets/.TESTS -> /mnt/c/Users/yuuji/Dropbox/Kaissa Consumer/Mosaic/buckets/TESTS
rename_folder: /mnt/c/Users/yuuji/Dropbox/Kaissa Consumer/Mosaic/buckets/.TRANSPOR -> /mnt/c/Users/yuuji/Dropbox/Kaissa Consumer/Mosaic/buckets/TRANSPOR
[2026-03-01T02:30:03Z] mode=APPLY root=/mnt/c/Users/yuuji/Dropbox/Kaissa Consumer/Mosaic
folders_renamed=25
thesis_renamed=1
conflicts=0
rename_folder: /mnt/c/Users/yuuji/Dropbox/Kaissa Consumer/Mosaic/buckets/.AIOUT -> /mnt/c/Users/yuuji/Dropbox/Kaissa Consumer/Mosaic/buckets/AIOUT
rename_folder: /mnt/c/Users/yuuji/Dropbox/Kaissa Consumer/Mosaic/buckets/.AIS -> /mnt/c/Users/yuuji/Dropbox/Kaissa Consumer/Mosaic/buckets/AIS
rename_folder: /mnt/c/Users/yuuji/Dropbox/Kaissa Consumer/Mosaic/buckets/.BANKS -> /mnt/c/Users/yuuji/Dropbox/Kaissa Consumer/Mosaic/buckets/BANKS
rename_folder: /mnt/c/Users/yuuji/Dropbox/Kaissa Consumer/Mosaic/buckets/.BUILD -> /mnt/c/Users/yuuji/Dropbox/Kaissa Consumer/Mosaic/buckets/BUILD
rename_folder: /mnt/c/Users/yuuji/Dropbox/Kaissa Consumer/Mosaic/buckets/.CANCER -> /mnt/c/Users/yuuji/Dropbox/Kaissa Consumer/Mosaic/buckets/CANCER
rename_folder: /mnt/c/Users/yuuji/Dropbox/Kaissa Consumer/Mosaic/buckets/.CASINO -> /mnt/c/Users/yuuji/Dropbox/Kaissa Consumer/Mosaic/buckets/CASINO
rename_folder: /mnt/c/Users/yuuji/Dropbox/Kaissa Consumer/Mosaic/buckets/.CHINAS -> /mnt/c/Users/yuuji/Dropbox/Kaissa Consumer/Mosaic/buckets/CHINAS
rename_folder: /mnt/c/Users/yuuji/Dropbox/Kaissa Consumer/Mosaic/buckets/.CRYPTO -> /mnt/c/Users/yuuji/Dropbox/Kaissa Consumer/Mosaic/buckets/CRYPTO
rename_folder: /mnt/c/Users/yuuji/Dropbox/Kaissa Consumer/Mosaic/buckets/.DCSHORTS -> /mnt/c/Users/yuuji/Dropbox/Kaissa Consumer/Mosaic/buckets/DCSHORTS
rename_folder: /mnt/c/Users/yuuji/Dropbox/Kaissa Consumer/Mosaic/buckets/.DTECH -> /mnt/c/Users/yuuji/Dropbox/Kaissa Consumer/Mosaic/buckets/DTECH
rename_folder: /mnt/c/Users/yuuji/Dropbox/Kaissa Consumer/Mosaic/buckets/.ECOMM -> /mnt/c/Users/yuuji/Dropbox/Kaissa Consumer/Mosaic/buckets/ECOMM
rename_folder: /mnt/c/Users/yuuji/Dropbox/Kaissa Consumer/Mosaic/buckets/.HCSUP -> /mnt/c/Users/yuuji/Dropbox/Kaissa Consumer/Mosaic/buckets/HCSUP
rename_folder: /mnt/c/Users/yuuji/Dropbox/Kaissa Consumer/Mosaic/buckets/.HOTEL -> /mnt/c/Users/yuuji/Dropbox/Kaissa Consumer/Mosaic/buckets/HOTEL
rename_folder: /mnt/c/Users/yuuji/Dropbox/Kaissa Consumer/Mosaic/buckets/.INDOPS -> /mnt/c/Users/yuuji/Dropbox/Kaissa Consumer/Mosaic/buckets/INDOPS
rename_folder: /mnt/c/Users/yuuji/Dropbox/Kaissa Consumer/Mosaic/buckets/.INF -> /mnt/c/Users/yuuji/Dropbox/Kaissa Consumer/Mosaic/buckets/INF
rename_folder: /mnt/c/Users/yuuji/Dropbox/Kaissa Consumer/Mosaic/buckets/.LAW -> /mnt/c/Users/yuuji/Dropbox/Kaissa Consumer/Mosaic/buckets/LAW
rename_folder: /mnt/c/Users/yuuji/Dropbox/Kaissa Consumer/Mosaic/buckets/.MAHA -> /mnt/c/Users/yuuji/Dropbox/Kaissa Consumer/Mosaic/buckets/MAHA
rename_folder: /mnt/c/Users/yuuji/Dropbox/Kaissa Consumer/Mosaic/buckets/.MDAS -> /mnt/c/Users/yuuji/Dropbox/Kaissa Consumer/Mosaic/buckets/MDAS
rename_folder: /mnt/c/Users/yuuji/Dropbox/Kaissa Consumer/Mosaic/buckets/.MTECH -> /mnt/c/Users/yuuji/Dropbox/Kaissa Consumer/Mosaic/buckets/MTECH
rename_folder: /mnt/c/Users/yuuji/Dropbox/Kaissa Consumer/Mosaic/buckets/.POWR -> /mnt/c/Users/yuuji/Dropbox/Kaissa Consumer/Mosaic/buckets/POWR
rename_folder: /mnt/c/Users/yuuji/Dropbox/Kaissa Consumer/Mosaic/buckets/.PRIVATE -> /mnt/c/Users/yuuji/Dropbox/Kaissa Consumer/Mosaic/buckets/PRIVATE
rename_folder: /mnt/c/Users/yuuji/Dropbox/Kaissa Consumer/Mosaic/buckets/.REST -> /mnt/c/Users/yuuji/Dropbox/Kaissa Consumer/Mosaic/buckets/REST
rename_folder: /mnt/c/Users/yuuji/Dropbox/Kaissa Consumer/Mosaic/buckets/.STABLECO -> /mnt/c/Users/yuuji/Dropbox/Kaissa Consumer/Mosaic/buckets/STABLECO
rename_folder: /mnt/c/Users/yuuji/Dropbox/Kaissa Consumer/Mosaic/buckets/.TESTS -> /mnt/c/Users/yuuji/Dropbox/Kaissa Consumer/Mosaic/buckets/TESTS
rename_folder: /mnt/c/Users/yuuji/Dropbox/Kaissa Consumer/Mosaic/buckets/.TRANSPOR -> /mnt/c/Users/yuuji/Dropbox/Kaissa Consumer/Mosaic/buckets/TRANSPOR
rename_thesis: /mnt/c/Users/yuuji/Dropbox/Kaissa Consumer/Mosaic/buckets/TESTS/.TESTS_bucket_thesis.md -> /mnt/c/Users/yuuji/Dropbox/Kaissa Consumer/Mosaic/buckets/TESTS/bucket_thesis.md
[2026-03-01T02:30:40Z] mode=DRY_RUN root=/mnt/c/Users/yuuji/Dropbox/Kaissa Consumer/Mosaic
folders_renamed=0
thesis_renamed=0
conflicts=0
[2026-03-01T02:30:43Z] mode=APPLY root=/mnt/c/Users/yuuji/Dropbox/Kaissa Consumer/Mosaic
folders_renamed=0
thesis_renamed=0
conflicts=0
[2026-03-01T02:35:41Z] mode=DRY_RUN root=/mnt/c/Users/yuuji/Dropbox/Kaissa Consumer/Mosaic
folders_renamed=0
thesis_renamed=0
conflicts=0
